2025-09-11 00:09:41,841 - INFO - First 5 records to process:
2025-09-11 00:09:41,841 - INFO -             Nome   Cognome Data di nascita                CF    Targa   Scadenza      Modello  Anno patente Citta di residenza      Cap       Indirizzo  Civico Processato Data_inserimento Preventivo
0  Stelian Ionel    Crutan      1968-02-27  CRTSLN68B27Z129F  GB587ZT 2025-07-13          NaN        1996.0                NaN      NaN             NaN     NaN         NO       2025-09-11       None
1         Davide  Ponzetti      1998-06-23  MRNSMN98H23F829Z  GG227PW 2025-07-14          NaN           NaN             Torino  10151.0  Via Refrancore    30.0         NO       2025-09-11       None
2         Fiamma    Sagese             NaT  POTBMZ94D10J192C  5AD4025 2025-05-30  Hyundai i20           NaN                NaN      NaN             NaN     NaN         NO       2025-09-11       None
2025-09-11 00:09:41,860 - INFO - 
Initializing Output dataframe...
2025-09-11 00:09:41,861 - INFO - 
Initializing Undetected ChromeDriver...
2025-09-11 00:09:42,248 - INFO - patching driver executable C:\Users\Adrian\appdata\roaming\undetected_chromedriver\undetected_chromedriver.exe
2025-09-11 00:09:45,520 - INFO - [OK] Undetected ChromeDriver initialized successfully.
2025-09-11 00:09:45,520 - INFO - Attempting to log in to Prima.it...
2025-09-11 00:09:48,537 - INFO - [OK] Successfully logged in.
2025-09-11 00:09:48,538 - INFO - 
--- Processing plate: GB587ZT (Original index: 0) ---
2025-09-11 00:09:48,538 - INFO - [GB587ZT] Starting quotation process.
2025-09-11 00:09:51,900 - WARNING - Could not click ('css selector', '.up-x-to-close.userpilot-experience-btn.ref') within 3s: Message: 
Stacktrace:
	GetHandleVerifier [0x0xd9a8a3+63283]
	GetHandleVerifier [0x0xd9a8e4+63348]
	(No symbol) [0x0xbd3e43]
	(No symbol) [0x0xc1c8de]
	(No symbol) [0x0xc1cc7b]
	(No symbol) [0x0xc64ef2]
	(No symbol) [0x0xc41464]
	(No symbol) [0x0xc6271a]
	(No symbol) [0x0xc41216]
	(No symbol) [0x0xc10855]
	(No symbol) [0x0xc116f4]
	GetHandleVerifier [0x0x100bb43+2623955]
	GetHandleVerifier [0x0x1006daa+2604090]
	GetHandleVerifier [0x0xdc069a+218410]
	GetHandleVerifier [0x0xdb0ed8+154984]
	GetHandleVerifier [0x0xdb742d+180925]
	GetHandleVerifier [0x0xda22b8+94536]
	GetHandleVerifier [0x0xda2442+94930]
	GetHandleVerifier [0x0xd8d5ea+9338]
	BaseThreadInitThunk [0x0x76835d49+25]
	RtlInitializeExceptionChain [0x0x77b4d2fb+107]
	RtlGetAppContainerNamedObjectPath [0x0x77b4d281+561]

2025-09-11 00:09:51,901 - WARNING - Advertizing not found.
2025-09-11 00:09:55,744 - INFO - [GB587ZT] Cookies button clicked
2025-09-11 00:09:58,155 - INFO - [GB587ZT] CAP not provided. Using default '10121'.
2025-09-11 00:10:04,130 - INFO - [GB587ZT] Waiting for quotation results...
2025-09-11 00:10:13,185 - INFO - [GB587ZT] Found quotation price: '935,94'
2025-09-11 00:10:13,186 - INFO - [GB587ZT] Found quotation price: '25.0'
2025-09-11 00:10:13,186 - INFO - [GB587ZT] Found quotation price: '91,38'
2025-09-11 00:10:13,186 - INFO - [GB587ZT] Found quotation price: '28.9'
2025-09-11 00:10:13,187 - INFO - [GB587ZT] Found quotation price: '25,00'
2025-09-11 00:10:13,187 - INFO - [GB587ZT] Found quotation price: '160,34'
2025-09-11 00:10:13,188 - INFO - [GB587ZT] Found quotation price: '211,33'
2025-09-11 00:10:13,188 - INFO - [GB587ZT] Found quotation price: '243,24'
2025-09-11 00:10:13,188 - INFO - [GB587ZT] Found quotation price: '139,95'
2025-09-11 00:10:13,189 - INFO - [GB587ZT] Found quotation price: '785,37'
2025-09-11 00:10:13,192 - INFO - [OK] [GB587ZT] Quotation price successfully obtained: '935,94'.
2025-09-11 00:10:16,701 - INFO - 
--- Processing plate: GG227PW (Original index: 1) ---
2025-09-11 00:10:19,171 - INFO - [GG227PW] Starting quotation process.
2025-09-11 00:10:22,290 - WARNING - Could not click ('css selector', '.up-x-to-close.userpilot-experience-btn.ref') within 3s: Message: 
Stacktrace:
	GetHandleVerifier [0x0xd9a8a3+63283]
	GetHandleVerifier [0x0xd9a8e4+63348]
	(No symbol) [0x0xbd3e43]
	(No symbol) [0x0xc1c8de]
	(No symbol) [0x0xc1cc7b]
	(No symbol) [0x0xc64ef2]
	(No symbol) [0x0xc41464]
	(No symbol) [0x0xc6271a]
	(No symbol) [0x0xc41216]
	(No symbol) [0x0xc10855]
	(No symbol) [0x0xc116f4]
	GetHandleVerifier [0x0x100bb43+2623955]
	GetHandleVerifier [0x0x1006daa+2604090]
	GetHandleVerifier [0x0xdc069a+218410]
	GetHandleVerifier [0x0xdb0ed8+154984]
	GetHandleVerifier [0x0xdb742d+180925]
	GetHandleVerifier [0x0xda22b8+94536]
	GetHandleVerifier [0x0xda2442+94930]
	GetHandleVerifier [0x0xd8d5ea+9338]
	BaseThreadInitThunk [0x0x76835d49+25]
	RtlInitializeExceptionChain [0x0x77b4d2fb+107]
	RtlGetAppContainerNamedObjectPath [0x0x77b4d281+561]

2025-09-11 00:10:22,290 - WARNING - Advertizing not found.
2025-09-11 00:10:28,822 - INFO - [GG227PW] Cookies button not present (all info available).
2025-09-11 00:10:29,437 - INFO - [GG227PW] License year not provided. Selecting first available.
2025-09-11 00:10:37,088 - INFO - [GG227PW] Waiting for quotation results...
2025-09-11 00:10:45,990 - INFO - [GG227PW] Found quotation price: '426,97'
2025-09-11 00:10:45,990 - INFO - [GG227PW] Found quotation price: '25.0'
2025-09-11 00:10:45,990 - INFO - [GG227PW] Found quotation price: '33,64'
2025-09-11 00:10:45,991 - INFO - [GG227PW] Found quotation price: '28.9'
2025-09-11 00:10:45,991 - INFO - [GG227PW] Found quotation price: '25,00'
2025-09-11 00:10:45,991 - INFO - [GG227PW] Found quotation price: '54,14'
2025-09-11 00:10:45,991 - INFO - [GG227PW] Found quotation price: '192,16'
2025-09-11 00:10:45,992 - INFO - [GG227PW] Found quotation price: '1.044,05'
2025-09-11 00:10:45,992 - INFO - [GG227PW] Found quotation price: '284,81'
2025-09-11 00:10:45,992 - INFO - [GG227PW] Found quotation price: '1.409,87'
2025-09-11 00:10:45,993 - INFO - [OK] [GG227PW] Quotation price successfully obtained: '426,97'.
2025-09-11 00:10:51,316 - INFO - 
--- Processing plate: 5AD4025 (Original index: 2) ---
2025-09-11 00:10:53,816 - INFO - [5AD4025] Starting quotation process.
2025-09-11 00:10:56,916 - WARNING - Could not click ('css selector', '.up-x-to-close.userpilot-experience-btn.ref') within 3s: Message: 
Stacktrace:
	GetHandleVerifier [0x0xd9a8a3+63283]
	GetHandleVerifier [0x0xd9a8e4+63348]
	(No symbol) [0x0xbd3e43]
	(No symbol) [0x0xc1c8de]
	(No symbol) [0x0xc1cc7b]
	(No symbol) [0x0xc64ef2]
	(No symbol) [0x0xc41464]
	(No symbol) [0x0xc6271a]
	(No symbol) [0x0xc41216]
	(No symbol) [0x0xc10855]
	(No symbol) [0x0xc116f4]
	GetHandleVerifier [0x0x100bb43+2623955]
	GetHandleVerifier [0x0x1006daa+2604090]
	GetHandleVerifier [0x0xdc069a+218410]
	GetHandleVerifier [0x0xdb0ed8+154984]
	GetHandleVerifier [0x0xdb742d+180925]
	GetHandleVerifier [0x0xda22b8+94536]
	GetHandleVerifier [0x0xda2442+94930]
	GetHandleVerifier [0x0xd8d5ea+9338]
	BaseThreadInitThunk [0x0x76835d49+25]
	RtlInitializeExceptionChain [0x0x77b4d2fb+107]
	RtlGetAppContainerNamedObjectPath [0x0x77b4d281+561]

2025-09-11 00:10:56,917 - WARNING - Advertizing not found.
2025-09-11 00:10:59,186 - ERROR - [5AD4025] [WARNING] Error during quotation retrieval: NaTType does not support strftime
2025-09-11 00:10:59,186 - WARNING - [KO] [5AD4025] Error due to scraping issue.
2025-09-11 00:11:02,928 - INFO - [OK] Excel file data_input.xlsx successfully updated.
2025-09-11 00:11:02,974 - INFO - [OK] Excel file quotations.xlsx successfully updated.
2025-09-11 00:11:02,975 - INFO - 
[OK] Automation finished. All data processed and updated Excel saved to: quotations.xlsx
2025-09-11 00:11:03,496 - INFO - [OK] Browser closed.
